<?xml version="1.0" encoding="UTF-8"?>
<!-- Generated by org.testng.reporters.JUnitReportReporter -->
<testsuite hostname="DELL7490" failures="0" tests="1" name="Campaigns.CreateCampaignsTest" time="30.181" errors="0" timestamp="2024-07-17T21:00:34 IST" skipped="0">
  <testcase classname="Campaigns.CreateCampaignsTest" name="CreateCampaignsTest" time="30.181"/>
  <system-out/>
</testsuite> <!-- Campaigns.CreateCampaignsTest -->
