<?xml version="1.0" encoding="UTF-8"?>
<!-- Generated by org.testng.reporters.JUnitReportReporter -->
<testsuite hostname="DELL7490" failures="0" tests="3" name="TestNG.DataProvideEx3" time="41.851" errors="0" timestamp="2024-07-09T20:58:38 IST" skipped="0">
  <testcase classname="TestNG.DataProvideEx3" name="createOrganization" time="13.694"/>
  <testcase classname="TestNG.DataProvideEx3" name="createOrganization" time="13.323"/>
  <testcase classname="TestNG.DataProvideEx3" name="createOrganization" time="14.834"/>
</testsuite> <!-- TestNG.DataProvideEx3 -->
