<?xml version="1.0" encoding="UTF-8"?>
<!-- Generated by org.testng.reporters.JUnitReportReporter -->
<testsuite hostname="DELL7490" failures="0" tests="1" name="Campaigns.CreateCampaignWithProductTest" time="32.372" errors="0" timestamp="2024-07-17T20:36:29 IST" skipped="0">
  <testcase classname="Campaigns.CreateCampaignWithProductTest" name="CreateCampaignWithProductTest" time="32.372"/>
  <system-out/>
</testsuite> <!-- Campaigns.CreateCampaignWithProductTest -->
