<?xml version="1.0" encoding="UTF-8"?>
<!-- Generated by org.testng.reporters.JUnitReportReporter -->
<testsuite hostname="DELL7490" failures="0" tests="3" name="TestNG.TestNGEx1Test" time="0.010" errors="0" timestamp="2024-07-08T20:41:31 IST" skipped="1">
  <testcase classname="TestNG.TestNGEx1Test" name="createContactTest" time="0.009"/>
  <testcase classname="TestNG.TestNGEx1Test" name="createContactTest" time="0.001"/>
  <testcase classname="TestNG.TestNGEx1Test" name="modifyContactTest">
    <skipped/>
  </testcase> <!-- modifyContactTest -->
</testsuite> <!-- TestNG.TestNGEx1Test -->
