<?xml version="1.0" encoding="UTF-8"?>
<!-- Generated by org.testng.reporters.JUnitReportReporter -->
<testsuite hostname="DELL7490" failures="0" tests="3" name="TestNG.DataProviderEx2" time="49.822" errors="0" timestamp="2024-07-09T20:15:15 IST" skipped="0">
  <testcase classname="TestNG.DataProviderEx2" name="createOrganization" time="16.159"/>
  <testcase classname="TestNG.DataProviderEx2" name="createOrganization" time="16.256"/>
  <testcase classname="TestNG.DataProviderEx2" name="createOrganization" time="17.407"/>
</testsuite> <!-- TestNG.DataProviderEx2 -->
