<?xml version="1.0" encoding="UTF-8"?>
<!-- Generated by org.testng.reporters.JUnitReportReporter -->
<testsuite hostname="DELL7490" failures="0" tests="1" name="DataDrivenTesting2.FetchDataFromDataBaseTest" time="5.410" errors="0" timestamp="2024-07-10T20:58:01 IST" skipped="0">
  <testcase classname="DataDrivenTesting2.FetchDataFromDataBaseTest" name="FetchDataFromDataBaseTest" time="5.410"/>
  <system-out/>
</testsuite> <!-- DataDrivenTesting2.FetchDataFromDataBaseTest -->
