<?xml version="1.0" encoding="UTF-8"?>
<!-- Generated by org.testng.reporters.JUnitReportReporter -->
<testsuite hostname="DELL7490" failures="0" tests="1" name="Product.CreateProductTest" time="23.215" errors="0" timestamp="2024-07-17T20:39:17 IST" skipped="0">
  <testcase classname="Product.CreateProductTest" name="CreateProductTest" time="23.215"/>
  <system-out/>
</testsuite> <!-- Product.CreateProductTest -->
