<?xml version="1.0" encoding="UTF-8"?>
<!-- Generated by org.testng.reporters.JUnitReportReporter -->
<testsuite hostname="DELL7490" failures="0" tests="1" name="Organization.CreateOrganizationTest" time="22.953" errors="0" timestamp="2024-07-17T20:37:28 IST" skipped="0">
  <testcase classname="Organization.CreateOrganizationTest" name="CreateOrganizationTest" time="22.953"/>
  <system-out/>
</testsuite> <!-- Organization.CreateOrganizationTest -->
