<?xml version="1.0" encoding="UTF-8"?>
<!-- Generated by org.testng.reporters.JUnitReportReporter -->
<testsuite hostname="DELL7490" failures="0" tests="4" name="TestNG.Module1Test" time="0.012" errors="0" timestamp="2024-07-08T20:21:10 IST" skipped="1">
  <testcase classname="TestNG.Module1Test" name="deleteContactTest" time="0.002"/>
  <testcase classname="TestNG.Module1Test" name="createContactTest" time="0.009"/>
  <testcase classname="TestNG.Module1Test" name="createContactTest" time="0.001"/>
  <testcase classname="TestNG.Module1Test" name="modifyContactTest">
    <skipped/>
  </testcase> <!-- modifyContactTest -->
</testsuite> <!-- TestNG.Module1Test -->
